Arguments: 
  /usr/bin/node /usr/bin/yarn

PATH: 
  /usr/local/sbin:/usr/local/bin:/usr/sbin:/usr/bin:/sbin:/bin

Yarn version: 
  1.2.1

Node version: 
  8.7.0

Platform: 
  linux x64

npm manifest: 
  {
    "name": "phoenixforum",
    "version": "1.0.0",
    "description": "App assets",
    "main": "app.js",
    "author": "vthang95",
    "license": "MIT",
    "scripts": {
      "watch": "webpack --watch-stdin --color",
      "compile": "webpack -p",
    },
    "repository": {},
    "dependencies": {
      "antd": "^2.13.7",
      "axios": "^0.17.0",
      "babel-preset-stage-2": "^6.24.1",
      "handlebars": "^4.0.10",
      "history": "^4.7.2",
      "jquery": "^3.2.1",
      "normalize.css": "^7.0.0",
      "phoenix": "file:../deps/phoenix",
      "phoenix_html": "file:../deps/phoenix_html",
      "react": "^16.0.0",
      "react-dom": "^16.0.0",
      "react-redux": "^5.0.6",
      "react-router": "^4.2.0",
      "react-router-dom": "^4.2.2",
      "react-router-redux": "5.0.0-alpha.6",
      "redux": "^3.7.2",
      "redux-devtools-extension": "^2.13.2",
      "redux-logger": "^3.0.6",
      "redux-thunk": "^2.2.0",
      "turbolinks": "^5.0.3"
    },
    "devDependencies": {
      "babel-core": "^6.26.0",
      "babel-loader": "^7.1.2",
      "babel-preset-es2015": "^6.24.1",
      "babel-preset-react": "^6.24.1",
      "babel-register": "^6.26.0",
      "copy-webpack-plugin": "^4.1.1",
      "css-loader": "^0.28.7",
      "extract-text-webpack-plugin": "^3.0.1",
      "file-loader": "^1.1.5",
      "handlebars-loader": "^1.6.0",
      "mocha": "^4.0.1",
      "node-sass": "^4.5.3",
      "sass-loader": "^6.0.6",
      "style-loader": "^0.19.0",
      "webpack": "^3.6.0",
      "webpack-merge": "^4.1.0"
    }
  }

yarn manifest: 
  No manifest

Lockfile: 
  # THIS IS AN AUTOGENERATED FILE. DO NOT EDIT THIS FILE DIRECTLY.
  # yarn lockfile v1
  
  
  "phoenix@file:../deps/phoenix":
    version "1.3.0"
  
  "phoenix_html@file:../deps/phoenix_html":
    version "2.10.4"

Trace: 
  SyntaxError: /app/assets/package.json: Unexpected token } in JSON at position 237
      at JSON.parse (<anonymous>)
      at /usr/lib/node_modules/yarn/lib/cli.js:770:59
      at Generator.next (<anonymous>)
      at step (/usr/lib/node_modules/yarn/lib/cli.js:92:30)
      at /usr/lib/node_modules/yarn/lib/cli.js:103:13
      at <anonymous>
